Build started 12/2/2015 9:19:47 PM.
     1>Project "D:\_ECS175\ECS175-Proj5\Project5\Project5.vcxproj" on node 2 (Build target(s)).
     1>ClCompile:
         F:\VS2015\VC\bin\CL.exe /c /ZI /nologo /W3 /WX- /sdl /Od /Oy- /D _MBCS /Gm /EHsc /RTC1 /MDd /GS /fp:precise /Zc:wchar_t /Zc:forScope /Zc:inline /Fo"Debug\\" /Fd"Debug\vc140.pdb" /Gd /TP /analyze- /errorReport:prompt 3DPolygon.cpp main.cpp P3_Funcs.cpp
         P3_Funcs.cpp
     1>d:\_ecs175\ecs175-proj5\project5\3dpoint.h(17): warning C4244: '=': conversion from 'int' to 'float', possible loss of data
         main.cpp
     1>d:\_ecs175\ecs175-proj5\project5\3dpoint.h(17): warning C4244: '=': conversion from 'int' to 'float', possible loss of data
     1>d:\_ecs175\ecs175-proj5\project5\main.cpp(78): warning C4305: 'initializing': truncation from 'double' to 'float'
     1>d:\_ecs175\ecs175-proj5\project5\main.cpp(83): warning C4305: 'argument': truncation from 'double' to 'float'
     1>d:\_ecs175\ecs175-proj5\project5\main.cpp(84): warning C4305: 'argument': truncation from 'double' to 'float'
     1>d:\_ecs175\ecs175-proj5\project5\main.cpp(85): warning C4305: 'argument': truncation from 'double' to 'float'
     1>d:\_ecs175\ecs175-proj5\project5\main.cpp(152): warning C4101: 'fileLoad': unreferenced local variable
     1>d:\_ecs175\ecs175-proj5\project5\main.cpp(370): warning C4244: 'argument': conversion from 'float' to 'int', possible loss of data
     1>d:\_ecs175\ecs175-proj5\project5\main.cpp(374): warning C4244: 'argument': conversion from 'float' to 'int', possible loss of data
     1>d:\_ecs175\ecs175-proj5\project5\main.cpp(386): warning C4244: 'argument': conversion from 'float' to 'int', possible loss of data
     1>d:\_ecs175\ecs175-proj5\project5\main.cpp(391): warning C4244: 'argument': conversion from 'float' to 'int', possible loss of data
     1>d:\_ecs175\ecs175-proj5\project5\main.cpp(409): warning C4244: 'initializing': conversion from 'double' to 'int', possible loss of data
     1>d:\_ecs175\ecs175-proj5\project5\main.cpp(430): warning C4244: 'argument': conversion from 'int' to 'float', possible loss of data
     1>d:\_ecs175\ecs175-proj5\project5\main.cpp(442): warning C4244: 'argument': conversion from 'int' to 'float', possible loss of data
     1>d:\_ecs175\ecs175-proj5\project5\main.cpp(466): warning C4244: 'argument': conversion from 'int' to 'float', possible loss of data
     1>d:\_ecs175\ecs175-proj5\project5\main.cpp(481): warning C4244: 'argument': conversion from 'int' to 'float', possible loss of data
     1>d:\_ecs175\ecs175-proj5\project5\main.cpp(505): warning C4244: 'argument': conversion from 'int' to 'float', possible loss of data
     1>d:\_ecs175\ecs175-proj5\project5\main.cpp(520): warning C4244: 'argument': conversion from 'int' to 'float', possible loss of data
     1>d:\_ecs175\ecs175-proj5\project5\main.cpp(542): warning C4244: 'argument': conversion from 'float' to 'int', possible loss of data
     1>d:\_ecs175\ecs175-proj5\project5\main.cpp(543): warning C4244: 'argument': conversion from 'float' to 'int', possible loss of data
     1>d:\_ecs175\ecs175-proj5\project5\main.cpp(544): warning C4244: 'argument': conversion from 'float' to 'int', possible loss of data
     1>d:\_ecs175\ecs175-proj5\project5\main.cpp(624): warning C4244: 'initializing': conversion from 'float' to 'int', possible loss of data
     1>d:\_ecs175\ecs175-proj5\project5\main.cpp(625): warning C4244: 'initializing': conversion from 'float' to 'int', possible loss of data
     1>d:\_ecs175\ecs175-proj5\project5\main.cpp(632): warning C4244: 'initializing': conversion from 'float' to 'int', possible loss of data
     1>d:\_ecs175\ecs175-proj5\project5\main.cpp(633): warning C4244: 'initializing': conversion from 'float' to 'int', possible loss of data
     1>d:\_ecs175\ecs175-proj5\project5\main.cpp(650): warning C4244: 'argument': conversion from 'double' to 'float', possible loss of data
     1>d:\_ecs175\ecs175-proj5\project5\main.cpp(657): warning C4244: 'argument': conversion from 'double' to 'float', possible loss of data
     1>d:\_ecs175\ecs175-proj5\project5\main.cpp(667): warning C4244: 'argument': conversion from 'double' to 'float', possible loss of data
     1>d:\_ecs175\ecs175-proj5\project5\main.cpp(674): warning C4244: 'argument': conversion from 'double' to 'float', possible loss of data
     1>d:\_ecs175\ecs175-proj5\project5\main.cpp(684): warning C4244: 'argument': conversion from 'double' to 'float', possible loss of data
     1>d:\_ecs175\ecs175-proj5\project5\main.cpp(691): warning C4244: 'argument': conversion from 'double' to 'float', possible loss of data
     1>d:\_ecs175\ecs175-proj5\project5\main.cpp(703): warning C4244: 'initializing': conversion from 'int' to 'float', possible loss of data
     1>d:\_ecs175\ecs175-proj5\project5\main.cpp(794): warning C4244: '=': conversion from 'float' to 'int', possible loss of data
     1>d:\_ecs175\ecs175-proj5\project5\main.cpp(796): warning C4244: '=': conversion from 'float' to 'int', possible loss of data
     1>d:\_ecs175\ecs175-proj5\project5\main.cpp(798): warning C4244: '=': conversion from 'float' to 'int', possible loss of data
     1>d:\_ecs175\ecs175-proj5\project5\main.cpp(802): warning C4244: '=': conversion from 'float' to 'int', possible loss of data
     1>d:\_ecs175\ecs175-proj5\project5\main.cpp(804): warning C4244: '=': conversion from 'float' to 'int', possible loss of data
     1>d:\_ecs175\ecs175-proj5\project5\main.cpp(806): warning C4244: '=': conversion from 'float' to 'int', possible loss of data
     1>d:\_ecs175\ecs175-proj5\project5\main.cpp(1320): warning C4244: 'argument': conversion from 'float' to 'int', possible loss of data
     1>d:\_ecs175\ecs175-proj5\project5\main.cpp(1321): warning C4244: 'argument': conversion from 'float' to 'int', possible loss of data
     1>d:\_ecs175\ecs175-proj5\project5\main.cpp(1322): warning C4244: 'argument': conversion from 'float' to 'int', possible loss of data
     1>d:\_ecs175\ecs175-proj5\project5\main.cpp(1464): warning C4244: 'argument': conversion from 'int' to 'float', possible loss of data
     1>d:\_ecs175\ecs175-proj5\project5\main.cpp(1506): warning C4244: 'argument': conversion from 'int' to 'float', possible loss of data
     1>d:\_ecs175\ecs175-proj5\project5\main.cpp(1548): warning C4244: 'argument': conversion from 'int' to 'float', possible loss of data
     1>d:\_ecs175\ecs175-proj5\project5\main.cpp(1558): warning C4244: 'initializing': conversion from 'int' to 'float', possible loss of data
     1>d:\_ecs175\ecs175-proj5\project5\main.cpp(1559): warning C4244: 'initializing': conversion from 'int' to 'float', possible loss of data
     1>d:\_ecs175\ecs175-proj5\project5\main.cpp(1565): warning C4244: 'argument': conversion from 'int' to 'float', possible loss of data
     1>d:\_ecs175\ecs175-proj5\project5\main.cpp(1565): warning C4244: 'argument': conversion from 'float' to 'int', possible loss of data
     1>d:\_ecs175\ecs175-proj5\project5\main.cpp(1569): warning C4244: 'argument': conversion from 'int' to 'float', possible loss of data
     1>d:\_ecs175\ecs175-proj5\project5\main.cpp(1569): warning C4244: 'argument': conversion from 'float' to 'int', possible loss of data
     1>d:\_ecs175\ecs175-proj5\project5\main.cpp(1581): warning C4244: 'argument': conversion from 'int' to 'float', possible loss of data
     1>d:\_ecs175\ecs175-proj5\project5\main.cpp(1581): warning C4244: 'argument': conversion from 'float' to 'int', possible loss of data
     1>d:\_ecs175\ecs175-proj5\project5\main.cpp(1586): warning C4244: 'argument': conversion from 'int' to 'float', possible loss of data
     1>d:\_ecs175\ecs175-proj5\project5\main.cpp(1586): warning C4244: 'argument': conversion from 'float' to 'int', possible loss of data
     1>d:\_ecs175\ecs175-proj5\project5\main.cpp(1600): warning C4244: 'initializing': conversion from 'float' to 'int', possible loss of data
     1>d:\_ecs175\ecs175-proj5\project5\main.cpp(1601): warning C4244: 'initializing': conversion from 'float' to 'int', possible loss of data
     1>d:\_ecs175\ecs175-proj5\project5\main.cpp(1614): warning C4244: 'argument': conversion from 'double' to 'float', possible loss of data
     1>d:\_ecs175\ecs175-proj5\project5\main.cpp(1621): warning C4244: 'argument': conversion from 'double' to 'float', possible loss of data
     1>d:\_ecs175\ecs175-proj5\project5\main.cpp(1628): warning C4244: 'argument': conversion from 'double' to 'float', possible loss of data
     1>d:\_ecs175\ecs175-proj5\project5\main.cpp(1691): warning C4244: 'argument': conversion from 'int' to 'float', possible loss of data
     1>d:\_ecs175\ecs175-proj5\project5\main.cpp(1720): warning C4244: 'argument': conversion from 'int' to 'float', possible loss of data
     1>d:\_ecs175\ecs175-proj5\project5\main.cpp(1749): warning C4244: 'argument': conversion from 'int' to 'float', possible loss of data
         3DPolygon.cpp
     1>d:\_ecs175\ecs175-proj5\project5\3dpoint.h(17): warning C4244: '=': conversion from 'int' to 'float', possible loss of data
     1>d:\_ecs175\ecs175-proj5\project5\3dpolygon.cpp(52): warning C4244: '+=': conversion from 'float' to 'int', possible loss of data
     1>d:\_ecs175\ecs175-proj5\project5\3dpolygon.cpp(53): warning C4244: '+=': conversion from 'float' to 'int', possible loss of data
     1>d:\_ecs175\ecs175-proj5\project5\3dpolygon.cpp(54): warning C4244: '+=': conversion from 'float' to 'int', possible loss of data
     1>d:\_ecs175\ecs175-proj5\project5\3dpolygon.cpp(59): warning C4244: '=': conversion from 'int' to 'float', possible loss of data
         Generating Code...
       Link:
         F:\VS2015\VC\bin\link.exe /ERRORREPORT:PROMPT /OUT:"D:\_ECS175\ECS175-Proj5\Project5\Debug\Project5.exe" /INCREMENTAL /NOLOGO opengl32.lib kernel32.lib user32.lib gdi32.lib winspool.lib comdlg32.lib advapi32.lib shell32.lib ole32.lib oleaut32.lib uuid.lib odbc32.lib odbccp32.lib kernel32.lib user32.lib gdi32.lib winspool.lib comdlg32.lib advapi32.lib shell32.lib ole32.lib oleaut32.lib uuid.lib odbc32.lib odbccp32.lib /MANIFEST /MANIFESTUAC:"level='asInvoker' uiAccess='false'" /manifest:embed /Debug /PDB:"D:\_ECS175\ECS175-Proj5\Project5\Debug\Project5.pdb" /TLBID:1 /DYNAMICBASE /NXCOMPAT /IMPLIB:"D:\_ECS175\ECS175-Proj5\Project5\Debug\Project5.lib" /MACHINE:X86 Debug\3DPolygon.obj
         Debug\main.obj
         Debug\P3_Funcs.obj
         Project5.vcxproj -> D:\_ECS175\ECS175-Proj5\Project5\Debug\Project5.exe
     1>Done Building Project "D:\_ECS175\ECS175-Proj5\Project5\Project5.vcxproj" (Build target(s)).

Build succeeded.

Time Elapsed 00:00:03.82
