Build started 6/3/2016 9:00:40 PM.
     1>Project "D:\_ECS175\ECS175_Proj2\Project 2\Project 2.vcxproj" on node 2 (Build target(s)).
     1>ClCompile:
         F:\VS2015\VC\bin\CL.exe /c /ZI /nologo /W3 /WX- /sdl /Od /Oy- /D _MBCS /Gm /EHsc /RTC1 /MDd /GS /fp:precise /Zc:wchar_t /Zc:forScope /Zc:inline /Fo"Debug\\" /Fd"Debug\vc140.pdb" /Gd /TP /analyze- /errorReport:prompt 3DPolygon.cpp main.cpp
         main.cpp
     1>d:\_ecs175\ecs175_proj2\project 2\main.cpp(102): warning C4101: 'fileLoad': unreferenced local variable
     1>d:\_ecs175\ecs175_proj2\project 2\main.cpp(191): warning C4244: 'argument': conversion from 'int' to 'float', possible loss of data
     1>d:\_ecs175\ecs175_proj2\project 2\main.cpp(192): warning C4244: 'argument': conversion from 'int' to 'float', possible loss of data
     1>d:\_ecs175\ecs175_proj2\project 2\main.cpp(316): warning C4244: 'initializing': conversion from 'double' to 'int', possible loss of data
     1>d:\_ecs175\ecs175_proj2\project 2\main.cpp(337): warning C4244: 'argument': conversion from 'int' to 'float', possible loss of data
     1>d:\_ecs175\ecs175_proj2\project 2\main.cpp(349): warning C4244: 'argument': conversion from 'int' to 'float', possible loss of data
     1>d:\_ecs175\ecs175_proj2\project 2\main.cpp(373): warning C4244: 'argument': conversion from 'int' to 'float', possible loss of data
     1>d:\_ecs175\ecs175_proj2\project 2\main.cpp(388): warning C4244: 'argument': conversion from 'int' to 'float', possible loss of data
     1>d:\_ecs175\ecs175_proj2\project 2\main.cpp(412): warning C4244: 'argument': conversion from 'int' to 'float', possible loss of data
     1>d:\_ecs175\ecs175_proj2\project 2\main.cpp(427): warning C4244: 'argument': conversion from 'int' to 'float', possible loss of data
     1>d:\_ecs175\ecs175_proj2\project 2\main.cpp(557): warning C4244: 'argument': conversion from 'int' to 'float', possible loss of data
     1>d:\_ecs175\ecs175_proj2\project 2\main.cpp(580): warning C4244: '=': conversion from 'int' to 'float', possible loss of data
     1>d:\_ecs175\ecs175_proj2\project 2\main.cpp(581): warning C4244: '=': conversion from 'int' to 'float', possible loss of data
     1>d:\_ecs175\ecs175_proj2\project 2\main.cpp(583): warning C4244: 'argument': conversion from 'int' to 'float', possible loss of data
     1>d:\_ecs175\ecs175_proj2\project 2\main.cpp(700): warning C4244: 'argument': conversion from 'float' to 'int', possible loss of data
     1>d:\_ecs175\ecs175_proj2\project 2\main.cpp(701): warning C4244: 'argument': conversion from 'float' to 'int', possible loss of data
     1>d:\_ecs175\ecs175_proj2\project 2\main.cpp(702): warning C4244: 'argument': conversion from 'float' to 'int', possible loss of data
     1>d:\_ecs175\ecs175_proj2\project 2\main.cpp(739): warning C4244: 'initializing': conversion from 'int' to 'float', possible loss of data
     1>d:\_ecs175\ecs175_proj2\project 2\main.cpp(782): warning C4244: 'initializing': conversion from 'int' to 'float', possible loss of data
     1>d:\_ecs175\ecs175_proj2\project 2\main.cpp(992): warning C4244: '=': conversion from 'float' to 'int', possible loss of data
     1>d:\_ecs175\ecs175_proj2\project 2\main.cpp(994): warning C4244: '=': conversion from 'float' to 'int', possible loss of data
     1>d:\_ecs175\ecs175_proj2\project 2\main.cpp(996): warning C4244: '=': conversion from 'float' to 'int', possible loss of data
     1>d:\_ecs175\ecs175_proj2\project 2\main.cpp(1000): warning C4244: '=': conversion from 'float' to 'int', possible loss of data
     1>d:\_ecs175\ecs175_proj2\project 2\main.cpp(1002): warning C4244: '=': conversion from 'float' to 'int', possible loss of data
     1>d:\_ecs175\ecs175_proj2\project 2\main.cpp(1004): warning C4244: '=': conversion from 'float' to 'int', possible loss of data
         3DPolygon.cpp
     1>d:\_ecs175\ecs175_proj2\project 2\3dpolygon.cpp(55): warning C4244: '+=': conversion from 'float' to 'int', possible loss of data
     1>d:\_ecs175\ecs175_proj2\project 2\3dpolygon.cpp(56): warning C4244: '+=': conversion from 'float' to 'int', possible loss of data
     1>d:\_ecs175\ecs175_proj2\project 2\3dpolygon.cpp(57): warning C4244: '+=': conversion from 'float' to 'int', possible loss of data
     1>d:\_ecs175\ecs175_proj2\project 2\3dpolygon.cpp(62): warning C4244: '=': conversion from 'int' to 'float', possible loss of data
         Generating Code...
       Link:
         F:\VS2015\VC\bin\link.exe /ERRORREPORT:PROMPT /OUT:"D:\_ECS175\ECS175_Proj2\Project 2\Debug\Project 2.exe" /INCREMENTAL /NOLOGO opengl32.lib kernel32.lib user32.lib gdi32.lib winspool.lib comdlg32.lib advapi32.lib shell32.lib ole32.lib oleaut32.lib uuid.lib odbc32.lib odbccp32.lib kernel32.lib user32.lib gdi32.lib winspool.lib comdlg32.lib advapi32.lib shell32.lib ole32.lib oleaut32.lib uuid.lib odbc32.lib odbccp32.lib /MANIFEST /MANIFESTUAC:"level='asInvoker' uiAccess='false'" /manifest:embed /Debug /PDB:"D:\_ECS175\ECS175_Proj2\Project 2\Debug\Project 2.pdb" /TLBID:1 /DYNAMICBASE /NXCOMPAT /IMPLIB:"D:\_ECS175\ECS175_Proj2\Project 2\Debug\Project 2.lib" /MACHINE:X86 Debug\3DPolygon.obj
         Debug\main.obj
         Project 2.vcxproj -> D:\_ECS175\ECS175_Proj2\Project 2\Debug\Project 2.exe
     1>Done Building Project "D:\_ECS175\ECS175_Proj2\Project 2\Project 2.vcxproj" (Build target(s)).

Build succeeded.

Time Elapsed 00:00:02.42
