\BOOKMARK [1][-]{section*.1}{Problem A}{}% 1
\BOOKMARK [2][-]{section*.2}{Confidence Interval for Mean Rating of Men}{section*.1}% 2
\BOOKMARK [2][-]{Item.1}{Confidence Interval for Mean Rating of Female}{section*.1}% 3
\BOOKMARK [2][-]{Item.2}{Confidence Interval for Mean Rating Difference Between Male and Female}{section*.1}% 4
\BOOKMARK [2][-]{Item.3}{Significance Testing for Population Mean Ratings}{section*.1}% 5
\BOOKMARK [2][-]{Item.4}{Histograms of Mean Ratings}{section*.1}% 6
\BOOKMARK [2][-]{Item.5}{Confidence Interval for Mean Number of Ratings}{section*.1}% 7
\BOOKMARK [2][-]{Item.6}{Confidence Interval for Population Proportion of Men}{section*.1}% 8
\BOOKMARK [2][-]{Item.7}{Linear Modeling and Population Regression}{section*.1}% 9
\BOOKMARK [1][-]{figure.3}{Problem B}{}% 10
\BOOKMARK [2][-]{section*.3}{Introduction to Modeling Wordbank Data}{figure.3}% 11
\BOOKMARK [2][-]{section*.3}{Vocabulary and Age}{figure.3}% 12
\BOOKMARK [2][-]{lstnumber.-2.10}{Vocabulary and Ethnicity}{figure.3}% 13
\BOOKMARK [2][-]{lstnumber.-3.30}{Vocabulary and Sex}{figure.3}% 14
\BOOKMARK [2][-]{lstnumber.-4.12}{Vocabulary and Mother's Education}{figure.3}% 15
\BOOKMARK [2][-]{lstnumber.-5.42}{Vocabulary and Order of Birth}{figure.3}% 16
\BOOKMARK [2][-]{lstnumber.-6.48}{Conclusion}{figure.3}% 17
\BOOKMARK [1][-]{appendix.A}{Appendix}{}% 18
\BOOKMARK [2][-]{subsection.A.1}{Problem A General Functions}{appendix.A}% 19
\BOOKMARK [2][-]{subsection.A.2}{Problem A Confidence Interval Functions}{appendix.A}% 20
\BOOKMARK [2][-]{subsection.A.3}{Problem A Histogram Functions}{appendix.A}% 21
\BOOKMARK [2][-]{subsection.A.4}{Problem A Hypothesis Testing Functions}{appendix.A}% 22
\BOOKMARK [2][-]{subsection.A.5}{Problem A Linear Model Functions}{appendix.A}% 23
\BOOKMARK [2][-]{subsection.A.6}{Problem A Linear Model Output}{appendix.A}% 24
\BOOKMARK [2][-]{subsection.A.7}{Problem B Linear Model Outputs}{appendix.A}% 25
\BOOKMARK [2][-]{subsection.A.8}{Problem B Functions}{appendix.A}% 26
\BOOKMARK [2][-]{subsection.A.9}{Who Did What}{appendix.A}% 27
